生成启动时间为 2017/3/28 10:33:11。
     1>项目“C:\Users\wanqi\Desktop\DataStructure\Sort\Sort\Sort.vcxproj”在节点 2 上(Build 个目标)。
     1>ClCompile:
         D:\VS2015\VC\bin\CL.exe /c /ZI /nologo /W3 /WX- /sdl /Od /Oy- /D WIN32 /D _DEBUG /D _CONSOLE /D _UNICODE /D UNICODE /Gm /EHsc /RTC1 /MDd /GS /fp:precise /Zc:wchar_t /Zc:forScope /Zc:inline /Fo"Debug\\" /Fd"Debug\vc140.pdb" /Gd /TP /analyze- /errorReport:prompt SortTest.cpp
         SortTest.cpp
     1>c:\users\wanqi\desktop\datastructure\sort\sort\sorttest.cpp : fatal error C1041: 无法打开程序数据库“C:\Users\wanqi\Desktop\DataStructure\Sort\Sort\Debug\vc140.pdb”；如果要将多个 CL.EXE 写入同一个 .PDB 文件，请使用 /FS
     1>已完成生成项目“C:\Users\wanqi\Desktop\DataStructure\Sort\Sort\Sort.vcxproj”(Build 个目标)的操作 - 失败。

项目性能摘要:
      826 毫秒 C:\Users\wanqi\Desktop\DataStructure\Sort\Sort\Sort.vcxproj   1 次调用
                826 毫秒 Build                                      1 次调用

目标性能摘要:
        0 毫秒 _BuildGenerateSourcesAction                1 次调用
        0 毫秒 AfterBuildGenerateSources                  1 次调用
        0 毫秒 AfterResolveReferences                     1 次调用
        0 毫秒 _Midl                                      1 次调用
        0 毫秒 ComputeReferenceCLInput                    1 次调用
        0 毫秒 ResolveAssemblyReferences                  1 次调用
        0 毫秒 SelectClCompile                            1 次调用
        0 毫秒 ComputeMIDLGeneratedCompileInputs          1 次调用
        0 毫秒 BuildGenerateSourcesTraverse               1 次调用
        0 毫秒 ResolveSDKReferences                       1 次调用
        0 毫秒 BuildGenerateSources                       1 次调用
        0 毫秒 SelectCustomBuild                          1 次调用
        0 毫秒 AfterMidl                                  1 次调用
        0 毫秒 _SplitProjectReferencesByFileExistence     1 次调用
        0 毫秒 ResolveReferences                          1 次调用
        0 毫秒 _Xsd                                       1 次调用
        0 毫秒 _PrepareForReferenceResolution             1 次调用
        0 毫秒 BeforeResolveReferences                    1 次调用
        0 毫秒 BeforeClCompile                            1 次调用
        0 毫秒 AfterBuildGenerateSourcesEvent             1 次调用
        0 毫秒 PreBuildEvent                              1 次调用
        0 毫秒 BeforeBuildGenerateSources                 1 次调用
        0 毫秒 _SelectedFiles                             1 次调用
        0 毫秒 ComputeCLInputPDBName                      1 次调用
        0 毫秒 ExpandSDKReferences                        1 次调用
        0 毫秒 WarnCompileDuplicatedFilename              1 次调用
        0 毫秒 AssignProjectConfiguration                 1 次调用
        0 毫秒 GetInstalledSDKLocations                   1 次调用
        1 毫秒 ResolveProjectReferences                   1 次调用
        1 毫秒 MakeDirsForMidl                            1 次调用
        1 毫秒 GetReferenceAssemblyPaths                  1 次调用
        1 毫秒 MakeDirsForCl                              1 次调用
        1 毫秒 GetFrameworkPaths                          1 次调用
        1 毫秒 BuildCompileTraverse                       1 次调用
        1 毫秒 FixupCLCompileOptions                      1 次调用
        1 毫秒 PlatformPrepareForBuild                    1 次调用
        1 毫秒 SetBuildDefaultEnvironmentVariables        1 次调用
        1 毫秒 _PrepareForBuild                           1 次调用
        1 毫秒 GetResolvedWinMD                           1 次调用
        3 毫秒 _CheckForInvalidConfigurationAndPlatform   1 次调用
        4 毫秒 PrepareForBuild                            1 次调用
       10 毫秒 SetCABuildNativeEnvironmentVariables       1 次调用
       12 毫秒 InitializeBuildStatus                      1 次调用
      786 毫秒 ClCompile                                  1 次调用

生成失败。

已用时间 00:00:00.82
