生成启动时间为 2017/1/26 16:48:53。
     1>项目“C:\Users\wanqi\Desktop\BinaryTreeThread\BinaryTreeThread\BinaryTreeThread.vcxproj”在节点 2 上(Build 个目标)。
     1>C:\Program Files (x86)\MSBuild\Microsoft.Cpp\v4.0\V140\Microsoft.Cpp.Platform.targets(57,5): error MSB8020: The build tools for v141 (Platform Toolset = 'v141') cannot be found. To build using the v141 build tools, please install v141 build tools.  Alternatively, you may upgrade to the current Visual Studio tools by selecting the Project menu or right-click the solution, and then selecting "Retarget solution".
     1>已完成生成项目“C:\Users\wanqi\Desktop\BinaryTreeThread\BinaryTreeThread\BinaryTreeThread.vcxproj”(Build 个目标)的操作 - 失败。

项目性能摘要:
       21 毫秒 C:\Users\wanqi\Desktop\BinaryTreeThread\BinaryTreeThread\BinaryTreeThread.vcxproj   1 次调用
                 21 毫秒 Build                                      1 次调用

目标性能摘要:
        0 毫秒 GetResolvedWinMD                           1 次调用
        0 毫秒 BeforeResolveReferences                    1 次调用
        0 毫秒 _PrepareForBuild                           1 次调用
        0 毫秒 _SplitProjectReferencesByFileExistence     1 次调用
        0 毫秒 GetFrameworkPaths                          1 次调用
        1 毫秒 _PrepareForReferenceResolution             1 次调用
        1 毫秒 ResolveProjectReferences                   1 次调用
        1 毫秒 AssignProjectConfiguration                 1 次调用
        1 毫秒 GetReferenceAssemblyPaths                  1 次调用
        2 毫秒 SetBuildDefaultEnvironmentVariables        1 次调用
        4 毫秒 _CheckForInvalidConfigurationAndPlatform   1 次调用
       10 毫秒 PlatformPrepareForBuild                    1 次调用

生成失败。

已用时间 00:00:00.02
